Build started 12/24/2013 5:31:36 PM.
     1>Project "C:\Users\Yichu\Documents\Visual Studio 2010\Projects\Li's Kalah\Li's Kalah\Li's Kalah.vcxproj" on node 2 (build target(s)).
     1>InitializeBuildStatus:
         Creating "Debug\Li's Kalah.unsuccessfulbuild" because "AlwaysCreate" was specified.
       ClCompile:
         c:\Program Files (x86)\Microsoft Visual Studio 10.0\VC\bin\CL.exe /c /ZI /nologo /W3 /WX- /Od /Oy- /D WIN32 /D _DEBUG /D _CONSOLE /D _UNICODE /D UNICODE /Gm /EHsc /RTC1 /MDd /GS /fp:precise /Zc:wchar_t /Zc:forScope /Fo"Debug\\" /Fd"Debug\vc100.pdb" /Gd /TP /analyze- /errorReport:prompt "..\..\Li's Kalah\Li's Kalah\ContainerList.cpp" "..\..\Li's Kalah\Li's Kalah\Game.cpp" "..\..\Li's Kalah\Li's Kalah\main.cpp"
         Game.cpp
         ContainerList.cpp
         Generating Code...
         Skipping... (no relevant changes detected)
         main.cpp
       ManifestResourceCompile:
         All outputs are up-to-date.
       Link:
         c:\Program Files (x86)\Microsoft Visual Studio 10.0\VC\bin\link.exe /ERRORREPORT:PROMPT /OUT:"C:\Users\Yichu\Documents\Visual Studio 2010\Projects\Li's Kalah\Debug\Li's Kalah.exe" /INCREMENTAL /NOLOGO kernel32.lib user32.lib gdi32.lib winspool.lib comdlg32.lib advapi32.lib shell32.lib ole32.lib oleaut32.lib uuid.lib odbc32.lib odbccp32.lib /MANIFEST /ManifestFile:"Debug\Li's Kalah.exe.intermediate.manifest" /MANIFESTUAC:"level='asInvoker' uiAccess='false'" /DEBUG /PDB:"C:\Users\Yichu\Documents\Visual Studio 2010\Projects\Li's Kalah\Debug\Li's Kalah.pdb" /SUBSYSTEM:CONSOLE /TLBID:1 /DYNAMICBASE /NXCOMPAT /IMPLIB:"C:\Users\Yichu\Documents\Visual Studio 2010\Projects\Li's Kalah\Debug\Li's Kalah.lib" /MACHINE:X86 "Debug\Li's Kalah.exe.embed.manifest.res"
         Debug\Container.obj
         Debug\ContainerList.obj
         Debug\Game.obj
         Debug\House.obj
         Debug\main.obj
         Debug\Node.obj
         Debug\Store.obj
       Manifest:
         C:\Program Files (x86)\Microsoft SDKs\Windows\v7.0A\bin\mt.exe /nologo /verbose /out:"Debug\Li's Kalah.exe.embed.manifest" /manifest "Debug\Li's Kalah.exe.intermediate.manifest"
         All outputs are up-to-date.
       LinkEmbedManifest:
         All outputs are up-to-date.
         Li's Kalah.vcxproj -> C:\Users\Yichu\Documents\Visual Studio 2010\Projects\Li's Kalah\Debug\Li's Kalah.exe
       FinalizeBuildStatus:
         Deleting file "Debug\Li's Kalah.unsuccessfulbuild".
         Touching "Debug\Li's Kalah.lastbuildstate".
     1>Done Building Project "C:\Users\Yichu\Documents\Visual Studio 2010\Projects\Li's Kalah\Li's Kalah\Li's Kalah.vcxproj" (build target(s)).

Build succeeded.

Time Elapsed 00:00:00.63
