Build started 1/7/2014 3:45:20 PM.
     1>Project "C:\Users\Yichu\Documents\Visual Studio 2010\Projects\li's Kalah2\li's Kalah2\li's Kalah2.vcxproj" on node 2 (build target(s)).
     1>InitializeBuildStatus:
         Creating "Debug\li's Kalah2.unsuccessfulbuild" because "AlwaysCreate" was specified.
       ClCompile:
         c:\Program Files (x86)\Microsoft Visual Studio 10.0\VC\bin\CL.exe /c /ZI /nologo /W3 /WX- /Od /Oy- /D WIN32 /D _DEBUG /D _CONSOLE /D _UNICODE /D UNICODE /Gm /EHsc /RTC1 /MDd /GS /fp:precise /Zc:wchar_t /Zc:forScope /Fo"Debug\\" /Fd"Debug\vc100.pdb" /Gd /TP /analyze- /errorReport:prompt Game.cpp
         Game.cpp
       ManifestResourceCompile:
         All outputs are up-to-date.
       Link:
         c:\Program Files (x86)\Microsoft Visual Studio 10.0\VC\bin\link.exe /ERRORREPORT:PROMPT /OUT:"C:\Users\Yichu\Documents\Visual Studio 2010\Projects\li's Kalah2\Debug\li's Kalah2.exe" /INCREMENTAL /NOLOGO kernel32.lib user32.lib gdi32.lib winspool.lib comdlg32.lib advapi32.lib shell32.lib ole32.lib oleaut32.lib uuid.lib odbc32.lib odbccp32.lib /MANIFEST /ManifestFile:"Debug\li's Kalah2.exe.intermediate.manifest" /MANIFESTUAC:"level='asInvoker' uiAccess='false'" /DEBUG /PDB:"C:\Users\Yichu\Documents\Visual Studio 2010\Projects\li's Kalah2\Debug\li's Kalah2.pdb" /SUBSYSTEM:CONSOLE /TLBID:1 /DYNAMICBASE /NXCOMPAT /IMPLIB:"C:\Users\Yichu\Documents\Visual Studio 2010\Projects\li's Kalah2\Debug\li's Kalah2.lib" /MACHINE:X86 "Debug\li's Kalah2.exe.embed.manifest.res"
         Debug\Container.obj
         Debug\main.obj
         Debug\Game.obj
         Debug\House.obj
         Debug\Store.obj
       Manifest:
         C:\Program Files (x86)\Microsoft SDKs\Windows\v7.0A\bin\mt.exe /nologo /verbose /out:"Debug\li's Kalah2.exe.embed.manifest" /manifest "Debug\li's Kalah2.exe.intermediate.manifest"
         All outputs are up-to-date.
       LinkEmbedManifest:
         All outputs are up-to-date.
         li's Kalah2.vcxproj -> C:\Users\Yichu\Documents\Visual Studio 2010\Projects\li's Kalah2\Debug\li's Kalah2.exe
       FinalizeBuildStatus:
         Deleting file "Debug\li's Kalah2.unsuccessfulbuild".
         Touching "Debug\li's Kalah2.lastbuildstate".
     1>Done Building Project "C:\Users\Yichu\Documents\Visual Studio 2010\Projects\li's Kalah2\li's Kalah2\li's Kalah2.vcxproj" (build target(s)).

Build succeeded.

Time Elapsed 00:00:01.34
